-------------------------------------------------------------------------------
Test set: com.devops.testproj.NumberGameTest
-------------------------------------------------------------------------------
Tests run: 5, Failures: 0, Errors: 5, Skipped: 0, Time elapsed: 0.057 s <<< FAILURE! - in com.devops.testproj.NumberGameTest
com.devops.testproj.NumberGameTest.testGuessAtUpperBoundary  Time elapsed: 0.029 s  <<< ERROR!
java.lang.Error: 
Unresolved compilation problems: 
	The method checkGuess(int, int) is undefined for the type NumberGame
	The method assertEquals(String, String) is undefined for the type NumberGameTest

	at com.devops.testproj.NumberGameTest.testGuessAtUpperBoundary(NumberGameTest.java:59)

com.devops.testproj.NumberGameTest.testGuessIsCorrect  Time elapsed: 0.001 s  <<< ERROR!
java.lang.Error: 
Unresolved compilation problems: 
	The method checkGuess(int, int) is undefined for the type NumberGame
	The method assertEquals(String, String) is undefined for the type NumberGameTest

	at com.devops.testproj.NumberGameTest.testGuessIsCorrect(NumberGameTest.java:39)

com.devops.testproj.NumberGameTest.testGuessIsTooLow  Time elapsed: 0.001 s  <<< ERROR!
java.lang.Error: 
Unresolved compilation problems: 
	The method checkGuess(int, int) is undefined for the type NumberGame
	The method assertEquals(String, String) is undefined for the type NumberGameTest

	at com.devops.testproj.NumberGameTest.testGuessIsTooLow(NumberGameTest.java:19)

com.devops.testproj.NumberGameTest.testGuessIsTooHigh  Time elapsed: 0.001 s  <<< ERROR!
java.lang.Error: 
Unresolved compilation problems: 
	The method checkGuess(int, int) is undefined for the type NumberGame
	The method assertEquals(String, String) is undefined for the type NumberGameTest

	at com.devops.testproj.NumberGameTest.testGuessIsTooHigh(NumberGameTest.java:29)

com.devops.testproj.NumberGameTest.testGuessAtLowerBoundary  Time elapsed: 0.001 s  <<< ERROR!
java.lang.Error: 
Unresolved compilation problems: 
	The method checkGuess(int, int) is undefined for the type NumberGame
	The method assertEquals(String, String) is undefined for the type NumberGameTest

	at com.devops.testproj.NumberGameTest.testGuessAtLowerBoundary(NumberGameTest.java:49)

