<?xml version="1.0" encoding="UTF-8"?>
<testsuite xmlns:xsi="http://www.w3.org/2001/XMLSchema-instance" xsi:noNamespaceSchemaLocation="https://maven.apache.org/surefire/maven-surefire-plugin/xsd/surefire-test-report-3.0.xsd" version="3.0" name="com.devops.testproj.NumberGameTest" time="0.057" tests="5" errors="5" skipped="0" failures="0">
  <properties>
[...]
</properties>
  <testcase name="testGuessAtUpperBoundary" classname="com.devops.testproj.NumberGameTest" time="0.029">
    <error type="java.lang.Error"><![CDATA[java.lang.Error: 
Unresolved compilation problems: 
	The method checkGuess(int, int) is undefined for the type NumberGame
	The method assertEquals(String, String) is undefined for the type NumberGameTest

	at com.devops.testproj.NumberGameTest.testGuessAtUpperBoundary(NumberGameTest.java:59)
]]></error>
  </testcase>
  <testcase name="testGuessIsCorrect" classname="com.devops.testproj.NumberGameTest" time="0.001">
    <error type="java.lang.Error"><![CDATA[java.lang.Error: 
Unresolved compilation problems: 
	The method checkGuess(int, int) is undefined for the type NumberGame
	The method assertEquals(String, String) is undefined for the type NumberGameTest

	at com.devops.testproj.NumberGameTest.testGuessIsCorrect(NumberGameTest.java:39)
]]></error>
  </testcase>
  <testcase name="testGuessIsTooLow" classname="com.devops.testproj.NumberGameTest" time="0.001">
    <error type="java.lang.Error"><![CDATA[java.lang.Error: 
Unresolved compilation problems: 
	The method checkGuess(int, int) is undefined for the type NumberGame
	The method assertEquals(String, String) is undefined for the type NumberGameTest

	at com.devops.testproj.NumberGameTest.testGuessIsTooLow(NumberGameTest.java:19)
]]></error>
  </testcase>
  <testcase name="testGuessIsTooHigh" classname="com.devops.testproj.NumberGameTest" time="0.001">
    <error type="java.lang.Error"><![CDATA[java.lang.Error: 
Unresolved compilation problems: 
	The method checkGuess(int, int) is undefined for the type NumberGame
	The method assertEquals(String, String) is undefined for the type NumberGameTest

	at com.devops.testproj.NumberGameTest.testGuessIsTooHigh(NumberGameTest.java:29)
]]></error>
  </testcase>
  <testcase name="testGuessAtLowerBoundary" classname="com.devops.testproj.NumberGameTest" time="0.001">
    <error type="java.lang.Error"><![CDATA[java.lang.Error: 
Unresolved compilation problems: 
	The method checkGuess(int, int) is undefined for the type NumberGame
	The method assertEquals(String, String) is undefined for the type NumberGameTest

	at com.devops.testproj.NumberGameTest.testGuessAtLowerBoundary(NumberGameTest.java:49)
]]></error>
  </testcase>
</testsuite>