<?xml version="1.0" encoding="UTF-8"?>
<testsuite xmlns:xsi="http://www.w3.org/2001/XMLSchema-instance" xsi:noNamespaceSchemaLocation="https://maven.apache.org/surefire/maven-surefire-plugin/xsd/surefire-test-report-3.0.xsd" version="3.0" name="com.devops.testproj.NumberGameTest" time="0.057" tests="5" errors="5" skipped="0" failures="0">
  <properties>
    <property name="java.specification.version" value="21"/>
    <property name="sun.jnu.encoding" value="UTF-8"/>
    <property name="java.class.path" value="/home/a/Desktop/project/testproj/target/test-classes:/home/a/Desktop/project/testproj/target/classes:/home/a/.m2/repository/org/junit/jupiter/junit-jupiter-api/5.8.2/junit-jupiter-api-5.8.2.jar:/home/a/.m2/repository/org/opentest4j/opentest4j/1.2.0/opentest4j-1.2.0.jar:/home/a/.m2/repository/org/junit/platform/junit-platform-commons/1.8.2/junit-platform-commons-1.8.2.jar:/home/a/.m2/repository/org/apiguardian/apiguardian-api/1.1.2/apiguardian-api-1.1.2.jar:/home/a/.m2/repository/org/junit/jupiter/junit-jupiter-engine/5.8.2/junit-jupiter-engine-5.8.2.jar:/home/a/.m2/repository/org/junit/platform/junit-platform-engine/1.8.2/junit-platform-engine-1.8.2.jar:/home/a/.m2/repository/junit/junit/4.13.2/junit-4.13.2.jar:/home/a/.m2/repository/org/hamcrest/hamcrest-core/1.3/hamcrest-core-1.3.jar:"/>
    <property name="java.vm.vendor" value="Eclipse Adoptium"/>
    <property name="sun.arch.data.model" value="64"/>
    <property name="java.vendor.url" value="https://adoptium.net/"/>
    <property name="os.name" value="Linux"/>
    <property name="java.vm.specification.version" value="21"/>
    <property name="sun.java.launcher" value="SUN_STANDARD"/>
    <property name="user.country" value="US"/>
    <property name="sun.boot.library.path" value="/snap/eclipse/124/usr/lib/eclipse/plugins/org.eclipse.justj.openjdk.hotspot.jre.full.linux.x86_64_21.0.7.v20250502-0916/jre/lib"/>
    <property name="sun.java.command" value="/home/a/Desktop/project/testproj/target/surefire/surefirebooter12787390890816824382.jar /home/a/Desktop/project/testproj/target/surefire 2025-06-24T20-05-59_973-jvmRun1 surefire10429834874096615336tmp surefire_07868203483319699154tmp"/>
    <property name="jdk.debug" value="release"/>
    <property name="surefire.test.class.path" value="/home/a/Desktop/project/testproj/target/test-classes:/home/a/Desktop/project/testproj/target/classes:/home/a/.m2/repository/org/junit/jupiter/junit-jupiter-api/5.8.2/junit-jupiter-api-5.8.2.jar:/home/a/.m2/repository/org/opentest4j/opentest4j/1.2.0/opentest4j-1.2.0.jar:/home/a/.m2/repository/org/junit/platform/junit-platform-commons/1.8.2/junit-platform-commons-1.8.2.jar:/home/a/.m2/repository/org/apiguardian/apiguardian-api/1.1.2/apiguardian-api-1.1.2.jar:/home/a/.m2/repository/org/junit/jupiter/junit-jupiter-engine/5.8.2/junit-jupiter-engine-5.8.2.jar:/home/a/.m2/repository/org/junit/platform/junit-platform-engine/1.8.2/junit-platform-engine-1.8.2.jar:/home/a/.m2/repository/junit/junit/4.13.2/junit-4.13.2.jar:/home/a/.m2/repository/org/hamcrest/hamcrest-core/1.3/hamcrest-core-1.3.jar:"/>
    <property name="sun.cpu.endian" value="little"/>
    <property name="user.home" value="/home/a"/>
    <property name="user.language" value="en"/>
    <property name="java.specification.vendor" value="Oracle Corporation"/>
    <property name="java.version.date" value="2025-04-15"/>
    <property name="java.home" value="/snap/eclipse/124/usr/lib/eclipse/plugins/org.eclipse.justj.openjdk.hotspot.jre.full.linux.x86_64_21.0.7.v20250502-0916/jre"/>
    <property name="file.separator" value="/"/>
    <property name="basedir" value="/home/a/Desktop/project/testproj"/>
    <property name="style.color" value="always"/>
    <property name="java.vm.compressedOopsMode" value="Zero based"/>
    <property name="line.separator" value="&#10;"/>
    <property name="java.specification.name" value="Java Platform API Specification"/>
    <property name="java.vm.specification.vendor" value="Oracle Corporation"/>
    <property name="surefire.real.class.path" value="/home/a/Desktop/project/testproj/target/surefire/surefirebooter12787390890816824382.jar"/>
    <property name="sun.management.compiler" value="HotSpot 64-Bit Tiered Compilers"/>
    <property name="java.runtime.version" value="21.0.7+6-LTS"/>
    <property name="user.name" value="a"/>
    <property name="stdout.encoding" value="UTF-8"/>
    <property name="path.separator" value=":"/>
    <property name="os.version" value="6.11.0-26-generic"/>
    <property name="java.runtime.name" value="OpenJDK Runtime Environment"/>
    <property name="file.encoding" value="UTF-8"/>
    <property name="java.vm.name" value="OpenJDK 64-Bit Server VM"/>
    <property name="java.vendor.version" value="Temurin-21.0.7+6"/>
    <property name="localRepository" value="/home/a/.m2/repository"/>
    <property name="java.vendor.url.bug" value="https://github.com/adoptium/adoptium-support/issues"/>
    <property name="java.io.tmpdir" value="/tmp"/>
    <property name="java.version" value="21.0.7"/>
    <property name="user.dir" value="/home/a/Desktop/project/testproj"/>
    <property name="os.arch" value="amd64"/>
    <property name="java.vm.specification.name" value="Java Virtual Machine Specification"/>
    <property name="native.encoding" value="UTF-8"/>
    <property name="java.library.path" value="/usr/java/packages/lib:/usr/lib64:/lib64:/lib:/usr/lib"/>
    <property name="java.vm.info" value="mixed mode, sharing"/>
    <property name="stderr.encoding" value="UTF-8"/>
    <property name="java.vendor" value="Eclipse Adoptium"/>
    <property name="java.vm.version" value="21.0.7+6-LTS"/>
    <property name="sun.io.unicode.encoding" value="UnicodeLittle"/>
    <property name="java.class.version" value="65.0"/>
  </properties>
  <testcase name="testGuessAtUpperBoundary" classname="com.devops.testproj.NumberGameTest" time="0.029">
    <error type="java.lang.Error"><![CDATA[java.lang.Error: 
Unresolved compilation problems: 
	The method checkGuess(int, int) is undefined for the type NumberGame
	The method assertEquals(String, String) is undefined for the type NumberGameTest

	at com.devops.testproj.NumberGameTest.testGuessAtUpperBoundary(NumberGameTest.java:59)
]]></error>
  </testcase>
  <testcase name="testGuessIsCorrect" classname="com.devops.testproj.NumberGameTest" time="0.001">
    <error type="java.lang.Error"><![CDATA[java.lang.Error: 
Unresolved compilation problems: 
	The method checkGuess(int, int) is undefined for the type NumberGame
	The method assertEquals(String, String) is undefined for the type NumberGameTest

	at com.devops.testproj.NumberGameTest.testGuessIsCorrect(NumberGameTest.java:39)
]]></error>
  </testcase>
  <testcase name="testGuessIsTooLow" classname="com.devops.testproj.NumberGameTest" time="0.001">
    <error type="java.lang.Error"><![CDATA[java.lang.Error: 
Unresolved compilation problems: 
	The method checkGuess(int, int) is undefined for the type NumberGame
	The method assertEquals(String, String) is undefined for the type NumberGameTest

	at com.devops.testproj.NumberGameTest.testGuessIsTooLow(NumberGameTest.java:19)
]]></error>
  </testcase>
  <testcase name="testGuessIsTooHigh" classname="com.devops.testproj.NumberGameTest" time="0.001">
    <error type="java.lang.Error"><![CDATA[java.lang.Error: 
Unresolved compilation problems: 
	The method checkGuess(int, int) is undefined for the type NumberGame
	The method assertEquals(String, String) is undefined for the type NumberGameTest

	at com.devops.testproj.NumberGameTest.testGuessIsTooHigh(NumberGameTest.java:29)
]]></error>
  </testcase>
  <testcase name="testGuessAtLowerBoundary" classname="com.devops.testproj.NumberGameTest" time="0.001">
    <error type="java.lang.Error"><![CDATA[java.lang.Error: 
Unresolved compilation problems: 
	The method checkGuess(int, int) is undefined for the type NumberGame
	The method assertEquals(String, String) is undefined for the type NumberGameTest

	at com.devops.testproj.NumberGameTest.testGuessAtLowerBoundary(NumberGameTest.java:49)
]]></error>
  </testcase>
</testsuite>